20230603	13:23:52	f849e5c6-0616-4102-aaf4-129bfa0c152a	GET	/	undefined
20230603	13:23:52	17bde96b-9924-497b-b61c-355b164ccbfe	GET	/css/style.css	undefined
20230603	13:25:54	c84d32a9-d8ea-48da-a4d7-bd6cdffcdb4c	GET	/css/style.css	undefined
20230603	15:04:23	663e4c97-840d-4915-b0c6-09dee89b66ac	POST	/signup	undefined
20230603	15:05:27	5a5e54de-63da-4a26-97fc-7104e51551b9	POST	/signup	undefined
20230603	15:34:57	00be6ba7-4d85-4f2e-9dd6-07804b2d2141	POST	/signup	undefined
20230604	00:12:51	cc19e929-b818-4d81-bad2-4bc23032054e	POST	/register	undefined
20230604	00:13:22	e516e052-24f1-4a52-bc3b-4bf8ce0d87ce	POST	/register	undefined
20230604	00:13:42	6bf2480e-4669-45b8-8bb3-7b73d155528f	GET	/	undefined
20230604	00:13:43	782b064a-f181-4a19-bea8-879d25cecf12	GET	/css/style.css	undefined
20230604	00:13:43	ab5deabe-b946-4595-ba17-d7c2c1c9f395	GET	/favicon.ico	undefined
20230604	00:13:57	87b0bd0c-3ccf-4e89-900c-5fe46ae1e226	POST	/register	undefined
20230604	00:14:16	8cefdf36-128e-41f0-bd9f-0bde338d679c	POST	/register	undefined
20230604	00:14:39	a63b9351-a1bb-45a1-8260-a9752acfd19d	POST	//api/v1/auth/register	undefined
20230604	00:14:44	a6990842-fe7b-44f0-a3f0-201a6c479f1f	POST	/api/v1/auth/register	undefined
20230604	00:14:50	e131b3d6-4b46-424e-b262-7e022359b724	POST	/api/v1/auth/register	undefined
20230604	00:15:34	e63064a9-9f54-4d7c-be92-9ccf760a9ed2	POST	/api/v1/auth/register	undefined
20230604	00:16:04	b3452578-63f8-4556-8536-18ef33f45e77	POST	/api/v1/auth/register	undefined
20230604	00:16:37	4441c9f5-6fa0-4004-b3fd-4ad19b44d61c	POST	/api/v1/auth/register	undefined
20230604	00:17:17	60bf3cd4-ccaf-43f9-a6eb-aec50f475c4e	POST	/api/v1/auth/register	undefined
20230604	11:18:09	7c3ec1bf-d82e-4e8e-9e45-ded20de27398	GET	/api/v1/auth/login	undefined
20230604	11:18:09	f78f6833-d866-459b-ac19-9032ceb67760	GET	/api/v1/auth/css/style.css	undefined
20230604	11:27:03	eb565350-978f-4e7d-8ee0-0af262083852	POST	/api/v1/auth/register	undefined
20230604	11:57:53	6216893a-d0c3-45ab-8b1e-0f1ad08c3654	POST	/api/v1/plants/	undefined
20230604	11:58:10	41a8d3c7-1a17-4e8f-9caa-f921059f37cf	POST	/api/v1/plants/	undefined
20230604	12:34:13	28ea7be3-b115-443f-abe9-6bf3431adc0e	POST	/api/v1/users/	undefined
20230604	12:57:06	fd43129e-e1f1-4fde-b93e-a657c0e472af	POST	/api/v1/ruser	undefined
20230604	12:57:23	01472e6a-321c-4f7f-a705-34f345468063	POST	/api/v1/users	undefined
20230604	12:58:09	6ed38b64-0c27-4cac-90e5-f43264886b06	POST	/api/v1/auth	undefined
20230604	13:41:47	ad020b6d-e7d3-4c32-96d9-21d379968851	POST	/api/v1/auth	undefined
20230604	13:46:54	73f586f7-3b75-4745-94d4-79fdd2f58cd6	POST	/api/v1/plants	undefined
20230604	13:47:22	7eac1cad-b526-4519-b529-03c2147623bc	POST	/api/v1/plants	undefined
20230604	13:52:53	930ffe6a-2755-4d8a-bdd5-ed8cb03e99ab	POST	/api/v1/plants	undefined
20230604	13:55:25	57fd42f9-a8a8-4d61-9f89-c3964418ef0f	POST	/api/v1/plants	undefined
20230604	13:56:07	41c1624e-82fa-40dd-8ebe-879732e333e2	POST	/api/v1/plants	undefined
20230604	13:58:48	3d165f50-a912-421b-9649-bb208af27045	POST	/api/v1/plants	undefined
20230604	13:58:56	7c10547b-bae0-4293-8e72-da75d121688f	POST	/api/v1/plants	undefined
20230604	13:59:21	868eb4d3-0c01-4677-8cd3-d6733e4d5894	POST	/api/v1/plants	undefined
20230604	13:59:31	c9b400e5-33f7-4602-978c-c67f7c371cae	POST	/api/v1/auth	undefined
20230604	13:59:46	63eabd3d-42cb-46a6-ae1f-c40abbd9025e	POST	/api/v1/plants	undefined
20230604	14:01:10	87a4df05-cdb9-4bed-8666-ab3c88ba40f4	POST	/api/v1/plants	undefined
